#
# There is insufficient memory for the Java Runtime Environment to continue.
# Native memory allocation (malloc) failed to allocate 111216 bytes for Chunk::new
# Possible reasons:
#   The system is out of physical RAM or swap space
#   In 32 bit mode, the process size limit was hit
# Possible solutions:
#   Reduce memory load on the system
#   Increase physical memory or swap space
#   Check if swap backing store is full
#   Use 64 bit Java on a 64 bit OS
#   Decrease Java heap size (-Xmx/-Xms)
#   Decrease number of Java threads
#   Decrease Java thread stack sizes (-Xss)
#   Set larger code cache with -XX:ReservedCodeCacheSize=
# This output file may be truncated or incomplete.
#
#  Out of Memory Error (allocation.cpp:390), pid=10512, tid=0x0000000000000250
#
# JRE version: OpenJDK Runtime Environment (8.0_112-b06) (build 1.8.0_112-release-b06)
# Java VM: OpenJDK 64-Bit Server VM (25.112-b06 mixed mode windows-amd64 compressed oops)
# Failed to write core dump. Minidumps are not enabled by default on client versions of Windows
#

---------------  T H R E A D  ---------------

Current thread (0x0000000015daa800):  JavaThread "C2 CompilerThread1" daemon [_thread_in_native, id=592, stack(0x0000000017600000,0x0000000017700000)]

Stack: [0x0000000017600000,0x0000000017700000]
[error occurred during error reporting (printing stack bounds), id 0xc0000005]

Native frames: (J=compiled Java code, j=interpreted, Vv=VM code, C=native code)


Current CompileTask:
C2:1431512 13652       4       com.android.dx.ssa.back.FirstFitLocalCombiningAllocator$1::processInsn (169 bytes)


---------------  P R O C E S S  ---------------

Java Threads: ( => current thread )
  0x000000001858b800 JavaThread "pool-20-thread-4" [_thread_in_Java, id=10576, stack(0x0000000025bf0000,0x0000000025cf0000)]
  0x000000001c6f1000 JavaThread "pool-20-thread-3" [_thread_in_Java, id=1104, stack(0x0000000025af0000,0x0000000025bf0000)]
  0x000000001c702000 JavaThread "pool-20-thread-2" [_thread_blocked, id=472, stack(0x00000000259f0000,0x0000000025af0000)]
  0x000000001c704800 JavaThread "pool-21-thread-1" [_thread_blocked, id=6812, stack(0x00000000258f0000,0x00000000259f0000)]
  0x000000001c700800 JavaThread "pool-20-thread-1" [_thread_blocked, id=10264, stack(0x00000000257f0000,0x00000000258f0000)]
  0x000000001c703800 JavaThread "pool-7-thread-2" [_thread_in_native, id=8212, stack(0x00000000256f0000,0x00000000257f0000)]
  0x000000001c6fe800 JavaThread "pool-15-thread-2" [_thread_blocked, id=3244, stack(0x00000000255f0000,0x00000000256f0000)]
  0x000000001c6f4800 JavaThread "pool-15-thread-1" [_thread_blocked, id=8196, stack(0x0000000024ef0000,0x0000000024ff0000)]
  0x000000001c6f1800 JavaThread "Cache update executor" [_thread_blocked, id=8844, stack(0x0000000024df0000,0x0000000024ef0000)]
  0x000000001c6f6000 JavaThread "Stdin handler" [_thread_blocked, id=7952, stack(0x0000000024cf0000,0x0000000024df0000)]
  0x000000001c6f4000 JavaThread "Asynchronous log dispatcher for DefaultDaemonConnection: socket connection from /127.0.0.1:62139 to /127.0.0.1:62620" [_thread_blocked, id=7704, stack(0x0000000024bf0000,0x0000000024cf0000)]
  0x000000001c6f5800 JavaThread "Daemon worker Thread 3" [_thread_blocked, id=8424, stack(0x0000000024af0000,0x0000000024bf0000)]
  0x000000001c6ef800 JavaThread "Cancel handler" [_thread_blocked, id=9424, stack(0x00000000249f0000,0x0000000024af0000)]
  0x000000001c6f3000 JavaThread "Handler for socket connection from /127.0.0.1:62139 to /127.0.0.1:62620" [_thread_in_native, id=9264, stack(0x00000000248f0000,0x00000000249f0000)]
  0x000000001c6f2800 JavaThread "Daemon Thread 3" [_thread_blocked, id=5728, stack(0x00000000247f0000,0x00000000248f0000)]
  0x000000001c705000 JavaThread "pool-7-thread-1" [_thread_blocked, id=4264, stack(0x0000000022bf0000,0x0000000022cf0000)]
  0x000000001c6ff000 JavaThread "File lock request listener" [_thread_in_native, id=10260, stack(0x000000001ba20000,0x000000001bb20000)]
  0x00000000184ae800 JavaThread "pool-1-thread-1" [_thread_blocked, id=10440, stack(0x000000001a150000,0x000000001a250000)]
  0x00000000189a2800 JavaThread "Incoming local TCP Connector on port 62139" [_thread_in_native, id=9596, stack(0x0000000019b10000,0x0000000019c10000)]
  0x0000000015e0b000 JavaThread "Service Thread" daemon [_thread_blocked, id=11004, stack(0x0000000017c00000,0x0000000017d00000)]
  0x0000000015db1000 JavaThread "C1 CompilerThread2" daemon [_thread_blocked, id=6940, stack(0x0000000017700000,0x0000000017800000)]
=>0x0000000015daa800 JavaThread "C2 CompilerThread1" daemon [_thread_in_native, id=592, stack(0x0000000017600000,0x0000000017700000)]
  0x0000000015da7000 JavaThread "C2 CompilerThread0" daemon [_thread_in_native, id=6680, stack(0x0000000017500000,0x0000000017600000)]
  0x0000000015db7800 JavaThread "Attach Listener" daemon [_thread_blocked, id=8752, stack(0x0000000017400000,0x0000000017500000)]
  0x0000000015db4800 JavaThread "Signal Dispatcher" daemon [_thread_blocked, id=32, stack(0x0000000017300000,0x0000000017400000)]
  0x000000000243b800 JavaThread "Finalizer" daemon [_thread_blocked, id=9232, stack(0x0000000017010000,0x0000000017110000)]
  0x0000000002430000 JavaThread "Reference Handler" daemon [_thread_blocked, id=1740, stack(0x0000000016f10000,0x0000000017010000)]
  0x0000000002341000 JavaThread "main" [_thread_blocked, id=7540, stack(0x0000000002240000,0x0000000002340000)]

Other Threads:
  0x0000000015d75800 VMThread [stack: 0x0000000016e10000,0x0000000016f10000] [id=8848]
  0x0000000015e0b800 WatcherThread [stack: 0x0000000017d00000,0x0000000017e00000] [id=1580]

VM state:not at safepoint (normal execution)

VM Mutex/Monitor currently owned by a thread: None

Heap:
 PSYoungGen      total 239104K, used 92538K [0x00000000e0000000, 0x00000000efb00000, 0x0000000100000000)
  eden space 224768K, 37% used [0x00000000e0000000,0x00000000e5315370,0x00000000edb80000)
  from space 14336K, 52% used [0x00000000ee900000,0x00000000ef049830,0x00000000ef700000)
  to   space 13824K, 0% used [0x00000000edb80000,0x00000000edb80000,0x00000000ee900000)
 ParOldGen       total 68608K, used 36442K [0x00000000a0000000, 0x00000000a4300000, 0x00000000e0000000)
  object space 68608K, 53% used [0x00000000a0000000,0x00000000a23969e8,0x00000000a4300000)
 Metaspace       used 66918K, capacity 69188K, committed 69376K, reserved 1110016K
  class space    used 8481K, capacity 8913K, committed 8960K, reserved 1048576K

Card table byte_map: [0x0000000011800000,0x0000000011b10000] byte_map_base: 0x0000000011300000

Marking Bits: (ParMarkBitMap*) 0x00000000721f18f0
 Begin Bits: [0x0000000012110000, 0x0000000013910000)
 End Bits:   [0x0000000013910000, 0x0000000015110000)

Polling page: 0x0000000002150000

CodeCache: size=245760Kb used=40535Kb max_used=40535Kb free=205224Kb
 bounds [0x0000000002440000, 0x0000000004c10000, 0x0000000011440000]
 total_blobs=12250 nmethods=11460 adapters=701
 compilation: enabled

Compilation events (10 events):
Event: 1431.124 Thread 0x0000000015daa800 nmethod 13650 0x0000000004be3e10 code [0x0000000004be3f60, 0x0000000004be4198]
Event: 1431.125 Thread 0x0000000015daa800 13651       4       com.android.dx.rop.code.PlainInsn::withNewRegisters (18 bytes)
Event: 1431.128 Thread 0x0000000015daa800 nmethod 13651 0x0000000004be3910 code [0x0000000004be3a60, 0x0000000004be3c18]
Event: 1431.128 Thread 0x0000000015da7000 nmethod 13648 0x0000000004be3090 code [0x0000000004be3200, 0x0000000004be35b8]
Event: 1431.129 Thread 0x0000000015daa800 13652       4       com.android.dx.ssa.back.FirstFitLocalCombiningAllocator$1::processInsn (169 bytes)
Event: 1431.129 Thread 0x0000000015db1000 13653       3       com.android.dx.ssa.InterferenceRegisterMapper::addInterfence (62 bytes)
Event: 1431.130 Thread 0x0000000015da7000 13654       4       com.android.dx.ssa.back.SsaToRop::convertBasicBlock (126 bytes)
Event: 1431.131 Thread 0x0000000015db1000 nmethod 13653 0x0000000004c03b10 code [0x0000000004c03de0, 0x0000000004c054e8]
Event: 1431.144 Thread 0x0000000015db1000 13658       3       com.android.dx.util.BitIntSet::merge (148 bytes)
Event: 1431.145 Thread 0x0000000015db1000 nmethod 13658 0x0000000004bf0290 code [0x0000000004bf0500, 0x0000000004bf14b8]

GC Heap History (10 events):
Event: 66.781 GC heap before
{Heap before GC invocations=19 (full 2):
 PSYoungGen      total 173056K, used 76773K [0x00000000e0000000, 0x00000000eb600000, 0x0000000100000000)
  eden space 160256K, 42% used [0x00000000e0000000,0x00000000e42f8b50,0x00000000e9c80000)
  from space 12800K, 64% used [0x00000000ea900000,0x00000000eb100af8,0x00000000eb580000)
  to   space 12800K, 0% used [0x00000000e9c80000,0x00000000e9c80000,0x00000000ea900000)
 ParOldGen       total 39424K, used 28795K [0x00000000a0000000, 0x00000000a2680000, 0x00000000e0000000)
  object space 39424K, 73% used [0x00000000a0000000,0x00000000a1c1ef90,0x00000000a2680000)
 Metaspace       used 57442K, capacity 59112K, committed 59160K, reserved 1099776K
  class space    used 7648K, capacity 8029K, committed 8064K, reserved 1048576K
Event: 66.796 GC heap after
Heap after GC invocations=19 (full 2):
 PSYoungGen      total 173056K, used 4011K [0x00000000e0000000, 0x00000000edf80000, 0x0000000100000000)
  eden space 160256K, 0% used [0x00000000e0000000,0x00000000e0000000,0x00000000e9c80000)
  from space 12800K, 31% used [0x00000000e9c80000,0x00000000ea06ac50,0x00000000ea900000)
  to   space 12800K, 0% used [0x00000000ed300000,0x00000000ed300000,0x00000000edf80000)
 ParOldGen       total 39424K, used 33111K [0x00000000a0000000, 0x00000000a2680000, 0x00000000e0000000)
  object space 39424K, 83% used [0x00000000a0000000,0x00000000a2055f20,0x00000000a2680000)
 Metaspace       used 57442K, capacity 59112K, committed 59160K, reserved 1099776K
  class space    used 7648K, capacity 8029K, committed 8064K, reserved 1048576K
}
Event: 66.797 GC heap before
{Heap before GC invocations=20 (full 3):
 PSYoungGen      total 173056K, used 4011K [0x00000000e0000000, 0x00000000edf80000, 0x0000000100000000)
  eden space 160256K, 0% used [0x00000000e0000000,0x00000000e0000000,0x00000000e9c80000)
  from space 12800K, 31% used [0x00000000e9c80000,0x00000000ea06ac50,0x00000000ea900000)
  to   space 12800K, 0% used [0x00000000ed300000,0x00000000ed300000,0x00000000edf80000)
 ParOldGen       total 39424K, used 33111K [0x00000000a0000000, 0x00000000a2680000, 0x00000000e0000000)
  object space 39424K, 83% used [0x00000000a0000000,0x00000000a2055f20,0x00000000a2680000)
 Metaspace       used 57442K, capacity 59112K, committed 59160K, reserved 1099776K
  class space    used 7648K, capacity 8029K, committed 8064K, reserved 1048576K
Event: 67.515 GC heap after
Heap after GC invocations=20 (full 3):
 PSYoungGen      total 173056K, used 0K [0x00000000e0000000, 0x00000000edf80000, 0x0000000100000000)
  eden space 160256K, 0% used [0x00000000e0000000,0x00000000e0000000,0x00000000e9c80000)
  from space 12800K, 0% used [0x00000000e9c80000,0x00000000e9c80000,0x00000000ea900000)
  to   space 12800K, 0% used [0x00000000ed300000,0x00000000ed300000,0x00000000edf80000)
 ParOldGen       total 68608K, used 33690K [0x00000000a0000000, 0x00000000a4300000, 0x00000000e0000000)
  object space 68608K, 49% used [0x00000000a0000000,0x00000000a20e6990,0x00000000a4300000)
 Metaspace       used 57442K, capacity 59112K, committed 59160K, reserved 1099776K
  class space    used 7648K, capacity 8029K, committed 8064K, reserved 1048576K
}
Event: 72.187 GC heap before
{Heap before GC invocations=21 (full 3):
 PSYoungGen      total 173056K, used 160256K [0x00000000e0000000, 0x00000000edf80000, 0x0000000100000000)
  eden space 160256K, 100% used [0x00000000e0000000,0x00000000e9c80000,0x00000000e9c80000)
  from space 12800K, 0% used [0x00000000e9c80000,0x00000000e9c80000,0x00000000ea900000)
  to   space 12800K, 0% used [0x00000000ed300000,0x00000000ed300000,0x00000000edf80000)
 ParOldGen       total 68608K, used 33690K [0x00000000a0000000, 0x00000000a4300000, 0x00000000e0000000)
  object space 68608K, 49% used [0x00000000a0000000,0x00000000a20e6990,0x00000000a4300000)
 Metaspace       used 61922K, capacity 63850K, committed 64128K, reserved 1105920K
  class space    used 8090K, capacity 8502K, committed 8576K, reserved 1048576K
Event: 72.206 GC heap after
Heap after GC invocations=21 (full 3):
 PSYoungGen      total 204800K, used 12537K [0x00000000e0000000, 0x00000000edf80000, 0x0000000100000000)
  eden space 192000K, 0% used [0x00000000e0000000,0x00000000e0000000,0x00000000ebb80000)
  from space 12800K, 97% used [0x00000000ed300000,0x00000000edf3e780,0x00000000edf80000)
  to   space 14336K, 0% used [0x00000000ec380000,0x00000000ec380000,0x00000000ed180000)
 ParOldGen       total 68608K, used 33698K [0x00000000a0000000, 0x00000000a4300000, 0x00000000e0000000)
  object space 68608K, 49% used [0x00000000a0000000,0x00000000a20e8990,0x00000000a4300000)
 Metaspace       used 61922K, capacity 63850K, committed 64128K, reserved 1105920K
  class space    used 8090K, capacity 8502K, committed 8576K, reserved 1048576K
}
Event: 1269.925 GC heap before
{Heap before GC invocations=22 (full 3):
 PSYoungGen      total 204800K, used 204537K [0x00000000e0000000, 0x00000000edf80000, 0x0000000100000000)
  eden space 192000K, 100% used [0x00000000e0000000,0x00000000ebb80000,0x00000000ebb80000)
  from space 12800K, 97% used [0x00000000ed300000,0x00000000edf3e780,0x00000000edf80000)
  to   space 14336K, 0% used [0x00000000ec380000,0x00000000ec380000,0x00000000ed180000)
 ParOldGen       total 68608K, used 33698K [0x00000000a0000000, 0x00000000a4300000, 0x00000000e0000000)
  object space 68608K, 49% used [0x00000000a0000000,0x00000000a20e8990,0x00000000a4300000)
 Metaspace       used 65367K, capacity 67304K, committed 67584K, reserved 1107968K
  class space    used 8426K, capacity 8849K, committed 8960K, reserved 1048576K
Event: 1270.142 GC heap after
Heap after GC invocations=22 (full 3):
 PSYoungGen      total 214528K, used 3849K [0x00000000e0000000, 0x00000000ef700000, 0x0000000100000000)
  eden space 200192K, 0% used [0x00000000e0000000,0x00000000e0000000,0x00000000ec380000)
  from space 14336K, 26% used [0x00000000ec380000,0x00000000ec7424b8,0x00000000ed180000)
  to   space 14336K, 0% used [0x00000000ee900000,0x00000000ee900000,0x00000000ef700000)
 ParOldGen       total 68608K, used 36434K [0x00000000a0000000, 0x00000000a4300000, 0x00000000e0000000)
  object space 68608K, 53% used [0x00000000a0000000,0x00000000a23949e8,0x00000000a4300000)
 Metaspace       used 65367K, capacity 67304K, committed 67584K, reserved 1107968K
  class space    used 8426K, capacity 8849K, committed 8960K, reserved 1048576K
}
Event: 1423.505 GC heap before
{Heap before GC invocations=23 (full 3):
 PSYoungGen      total 214528K, used 203413K [0x00000000e0000000, 0x00000000ef700000, 0x0000000100000000)
  eden space 200192K, 99% used [0x00000000e0000000,0x00000000ec2e3060,0x00000000ec380000)
  from space 14336K, 26% used [0x00000000ec380000,0x00000000ec7424b8,0x00000000ed180000)
  to   space 14336K, 0% used [0x00000000ee900000,0x00000000ee900000,0x00000000ef700000)
 ParOldGen       total 68608K, used 36434K [0x00000000a0000000, 0x00000000a4300000, 0x00000000e0000000)
  object space 68608K, 53% used [0x00000000a0000000,0x00000000a23949e8,0x00000000a4300000)
 Metaspace       used 66534K, capacity 68740K, committed 68864K, reserved 1110016K
  class space    used 8476K, capacity 8903K, committed 8960K, reserved 1048576K
Event: 1423.686 GC heap after
Heap after GC invocations=23 (full 3):
 PSYoungGen      total 239104K, used 7462K [0x00000000e0000000, 0x00000000efb00000, 0x0000000100000000)
  eden space 224768K, 0% used [0x00000000e0000000,0x00000000e0000000,0x00000000edb80000)
  from space 14336K, 52% used [0x00000000ee900000,0x00000000ef049830,0x00000000ef700000)
  to   space 13824K, 0% used [0x00000000edb80000,0x00000000edb80000,0x00000000ee900000)
 ParOldGen       total 68608K, used 36442K [0x00000000a0000000, 0x00000000a4300000, 0x00000000e0000000)
  object space 68608K, 53% used [0x00000000a0000000,0x00000000a23969e8,0x00000000a4300000)
 Metaspace       used 66534K, capacity 68740K, committed 68864K, reserved 1110016K
  class space    used 8476K, capacity 8903K, committed 8960K, reserved 1048576K
}

Deoptimization events (10 events):
Event: 1424.744 Thread 0x000000001c6f5800 Uncommon trap: reason=bimorphic action=maybe_recompile pc=0x00000000049a773c method=com.sun.tools.javac.comp.Attr.attribLazyConstantValue(Lcom/sun/tools/javac/comp/Env;Lcom/sun/tools/javac/tree/JCTree$JCVariableDecl;Lcom/sun/tools/javac/code/Type;)Ljava/la·¡üB–@
Event: 1424.746 Thread 0x000000001c6f5800 Uncommon trap: reason=bimorphic action=maybe_recompile pc=0x0000000003d905cc method=com.sun.tools.javac.tree.TreeInfo.flags(Lcom/sun/tools/javac/tree/JCTree;)J @ 4
Event: 1424.766 Thread 0x000000001c6f5800 Uncommon trap: reason=bimorphic action=maybe_recompile pc=0x0000000003d905cc method=com.sun.tools.javac.tree.TreeInfo.flags(Lcom/sun/tools/javac/tree/JCTree;)J @ 4
Event: 1424.785 Thread 0x000000001c6f5800 Uncommon trap: reason=bimorphic action=maybe_recompile pc=0x0000000003d905cc method=com.sun.tools.javac.tree.TreeInfo.flags(Lcom/sun/tools/javac/tree/JCTree;)J @ 4
Event: 1424.803 Thread 0x000000001c6f5800 Uncommon trap: reason=bimorphic action=maybe_recompile pc=0x0000000003d905cc method=com.sun.tools.javac.tree.TreeInfo.flags(Lcom/sun/tools/javac/tree/JCTree;)J @ 4
Event: 1425.102 Thread 0x000000001c6f5800 Uncommon trap: reason=unstable_if action=reinterpret pc=0x0000000003dcf930 method=com.sun.tools.javac.model.FilteredMemberList.unwanted(Lcom/sun/tools/javac/code/Symbol;)Z @ 14
Event: 1425.108 Thread 0x000000001c6f5800 Uncommon trap: reason=speculate_class_check action=maybe_recompile pc=0x0000000003dcfdac method=com.sun.tools.javac.util.ArrayUtils.ensureCapacity([Ljava/lang/Object;I)[Ljava/lang/Object; @ 39
Event: 1425.354 Thread 0x000000001c6f5800 Uncommon trap: reason=speculate_class_check action=maybe_recompile pc=0x0000000003dcbff0 method=com.sun.tools.javac.util.ArrayUtils.ensureCapacity([Ljava/lang/Object;I)[Ljava/lang/Object; @ 39
Event: 1426.465 Thread 0x000000001c6f5800 Uncommon trap: reason=null_check action=make_not_entrant pc=0x0000000004323b5c method=java.lang.ThreadLocal$ThreadLocalMap.set(Ljava/lang/ThreadLocal;Ljava/lang/Object;)V @ 36
Event: 1430.320 Thread 0x000000001c703800 Uncommon trap: reason=predicate action=maybe_recompile pc=0x00000000043592d8 method=java.util.TimSort.binarySort([Ljava/lang/Object;IIILjava/util/Comparator;)V @ 37

Internal exceptions (10 events):
Event: 1270.636 Thread 0x000000001c703000 Exception <a 'java/lang/ClassNotFoundException': asLocalRepo812_dcahapkdc8jgiy3glu7e1apqjBeanInfo> (0x00000000e0733a30) thrown at [C:\src\android\AOSP-openjdk\external\jetbrains\jdk\hotspot\src\share\vm\classfile\systemDictionary.cpp, line 210]
Event: 1270.638 Thread 0x000000001c703000 Exception <a 'java/lang/ClassNotFoundException': asLocalRepo812_dcahapkdc8jgiy3glu7e1apqjCustomizer> (0x00000000e073ea28) thrown at [C:\src\android\AOSP-openjdk\external\jetbrains\jdk\hotspot\src\share\vm\classfile\systemDictionary.cpp, line 210]
Event: 1272.748 Thread 0x000000001c703000 Exception <a 'java/lang/reflect/InvocationTargetException'> (0x00000000e2c699b0) thrown at [C:\src\android\AOSP-openjdk\external\jetbrains\jdk\hotspot\src\share\vm\runtime\reflection.cpp, line 1092]
Event: 1275.237 Thread 0x000000001c703000 Implicit null exception at 0x000000000401061d to 0x0000000004010c99
Event: 1275.242 Thread 0x000000001c703000 Implicit null exception at 0x0000000003066a12 to 0x0000000003066bb5
Event: 1278.350 Thread 0x000000001c703000 Exception <a 'sun/nio/fs/WindowsException'> (0x00000000e58f29d8) thrown at [C:\src\android\AOSP-openjdk\external\jetbrains\jdk\hotspot\src\share\vm\prims\jni.cpp, line 709]
Event: 1410.918 Thread 0x000000001c6f5800 Exception <a 'java/lang/ClassNotFoundException': asLocalRepo140_9hepzntqhz0qyqy5ove01e2gfBeanInfo> (0x00000000e5fa3648) thrown at [C:\src\android\AOSP-openjdk\external\jetbrains\jdk\hotspot\src\share\vm\classfile\systemDictionary.cpp, line 210]
Event: 1410.920 Thread 0x000000001c6f5800 Exception <a 'java/lang/ClassNotFoundException': asLocalRepo140_9hepzntqhz0qyqy5ove01e2gfCustomizer> (0x00000000e5fae640) thrown at [C:\src\android\AOSP-openjdk\external\jetbrains\jdk\hotspot\src\share\vm\classfile\systemDictionary.cpp, line 210]
Event: 1411.970 Thread 0x000000001c6f5800 Exception <a 'java/lang/reflect/InvocationTargetException'> (0x00000000e84b5a00) thrown at [C:\src\android\AOSP-openjdk\external\jetbrains\jdk\hotspot\src\share\vm\runtime\reflection.cpp, line 1092]
Event: 1426.465 Thread 0x000000001c6f5800 Implicit null exception at 0x000000000432383b to 0x0000000004323b31

Events (10 events):
Event: 1430.546 Executing VM operation: RevokeBias
Event: 1430.547 Executing VM operation: RevokeBias done
Event: 1430.586 Executing VM operation: RevokeBias
Event: 1430.587 Executing VM operation: RevokeBias done
Event: 1430.950 Thread 0x000000001c6f1000 Thread added: 0x000000001c6f1000
Event: 1431.049 Thread 0x000000001858b800 Thread added: 0x000000001858b800
Event: 1431.091 Executing VM operation: RevokeBias
Event: 1431.097 Executing VM operation: RevokeBias done
Event: 1431.097 Executing VM operation: RevokeBias
Event: 1431.097 Executing VM operation: RevokeBias done


Dynamic libraries:
0x00007ff78e340000 - 0x00007ff78e371000 	C:\Program Files\Android\Android Studio\jre\bin\java.exe
0x00007ffe0eaf0000 - 0x00007ffe0ecc1000 	C:\WINDOWS\SYSTEM32\ntdll.dll
0x00007ffe0cc90000 - 0x00007ffe0cd3b000 	C:\WINDOWS\System32\KERNEL32.DLL
0x00007ffe0b150000 - 0x00007ffe0b36d000 	C:\WINDOWS\System32\KERNELBASE.dll
0x00007ffe0e840000 - 0x00007ffe0e8e2000 	C:\WINDOWS\System32\ADVAPI32.dll
0x00007ffe0cbf0000 - 0x00007ffe0cc8e000 	C:\WINDOWS\System32\msvcrt.dll
0x00007ffe0cd40000 - 0x00007ffe0cd99000 	C:\WINDOWS\System32\sechost.dll
0x00007ffe0ce00000 - 0x00007ffe0cf21000 	C:\WINDOWS\System32\RPCRT4.dll
0x00007ffe0e630000 - 0x00007ffe0e795000 	C:\WINDOWS\System32\USER32.dll
0x00007ffe0bfd0000 - 0x00007ffe0bfee000 	C:\WINDOWS\System32\win32u.dll
0x00007ffe0cba0000 - 0x00007ffe0cbd4000 	C:\WINDOWS\System32\GDI32.dll
0x00007ffe0afc0000 - 0x00007ffe0b142000 	C:\WINDOWS\System32\gdi32full.dll
0x00007ffdfdd00000 - 0x00007ffdfdf7a000 	C:\WINDOWS\WinSxS\amd64_microsoft.windows.common-controls_6595b64144ccf1df_6.0.14393.953_none_42151e83c686086b\COMCTL32.dll
0x00007ffe0c4a0000 - 0x00007ffe0c768000 	C:\WINDOWS\System32\combase.dll
0x00007ffe0bed0000 - 0x00007ffe0bfc5000 	C:\WINDOWS\System32\ucrtbase.dll
0x00007ffe0bff0000 - 0x00007ffe0c05a000 	C:\WINDOWS\System32\bcryptPrimitives.dll
0x00007ffe0e7a0000 - 0x00007ffe0e7ce000 	C:\WINDOWS\System32\IMM32.DLL
0x0000000071950000 - 0x0000000071a22000 	C:\Program Files\Android\Android Studio\jre\jre\bin\msvcr100.dll
0x0000000071a30000 - 0x000000007226c000 	C:\Program Files\Android\Android Studio\jre\jre\bin\server\jvm.dll
0x00007ffe0c060000 - 0x00007ffe0c068000 	C:\WINDOWS\System32\PSAPI.DLL
0x00007ffdfdc10000 - 0x00007ffdfdc19000 	C:\WINDOWS\SYSTEM32\WSOCK32.dll
0x00007ffe0e7d0000 - 0x00007ffe0e83a000 	C:\WINDOWS\System32\WS2_32.dll
0x00007ffe08e40000 - 0x00007ffe08e63000 	C:\WINDOWS\SYSTEM32\WINMM.dll
0x00007ffe00780000 - 0x00007ffe0078a000 	C:\WINDOWS\SYSTEM32\VERSION.dll
0x00000000009c0000 - 0x00000000009eb000 	C:\WINDOWS\SYSTEM32\WINMMBASE.dll
0x00007ffe0b7a0000 - 0x00007ffe0b7e2000 	C:\WINDOWS\System32\cfgmgr32.dll
0x00007ffe03390000 - 0x00007ffe0339f000 	C:\Program Files\Android\Android Studio\jre\jre\bin\verify.dll
0x00007ffddfe30000 - 0x00007ffddfe59000 	C:\Program Files\Android\Android Studio\jre\jre\bin\java.dll
0x00007ffde1860000 - 0x00007ffde1876000 	C:\Program Files\Android\Android Studio\jre\jre\bin\zip.dll
0x00007ffe0d060000 - 0x00007ffe0e568000 	C:\WINDOWS\System32\SHELL32.dll
0x00007ffe0b7f0000 - 0x00007ffe0beca000 	C:\WINDOWS\System32\windows.storage.dll
0x00007ffe0af70000 - 0x00007ffe0afbc000 	C:\WINDOWS\System32\powrprof.dll
0x00007ffe0cda0000 - 0x00007ffe0cdf2000 	C:\WINDOWS\System32\shlwapi.dll
0x00007ffe0af60000 - 0x00007ffe0af6f000 	C:\WINDOWS\System32\kernel.appcore.dll
0x00007ffe0b370000 - 0x00007ffe0b419000 	C:\WINDOWS\System32\shcore.dll
0x00007ffe0af40000 - 0x00007ffe0af54000 	C:\WINDOWS\System32\profapi.dll
0x00007ffde1290000 - 0x00007ffde12aa000 	C:\Program Files\Android\Android Studio\jre\jre\bin\net.dll
0x00007ffe0a860000 - 0x00007ffe0a8bc000 	C:\WINDOWS\system32\mswsock.dll
0x00007ffde0ac0000 - 0x00007ffde0ad1000 	C:\Program Files\Android\Android Studio\jre\jre\bin\nio.dll
0x00007ffddff60000 - 0x00007ffddff7e000 	C:\Users\Isabelle\.gradle\native\23\windows-amd64\native-platform.dll
0x00007ffe0aa00000 - 0x00007ffe0aa17000 	C:\WINDOWS\SYSTEM32\CRYPTSP.dll
0x00007ffe0a460000 - 0x00007ffe0a493000 	C:\WINDOWS\system32\rsaenh.dll
0x00007ffe0ae70000 - 0x00007ffe0ae9b000 	C:\WINDOWS\SYSTEM32\bcrypt.dll
0x00007ffe0a6e0000 - 0x00007ffe0a6ff000 	C:\WINDOWS\SYSTEM32\USERENV.dll
0x00007ffe0aa20000 - 0x00007ffe0aa2b000 	C:\WINDOWS\SYSTEM32\CRYPTBASE.dll
0x00007ffe0a5e0000 - 0x00007ffe0a618000 	C:\WINDOWS\SYSTEM32\IPHLPAPI.DLL
0x00007ffe0cf50000 - 0x00007ffe0cf58000 	C:\WINDOWS\System32\NSI.dll
0x00007ffe04f40000 - 0x00007ffe04f56000 	C:\WINDOWS\SYSTEM32\dhcpcsvc6.DLL
0x00007ffe04ec0000 - 0x00007ffe04eda000 	C:\WINDOWS\SYSTEM32\dhcpcsvc.DLL
0x00007ffe00ec0000 - 0x00007ffe00ecd000 	C:\Program Files\Android\Android Studio\jre\jre\bin\management.dll
0x00007ffddf210000 - 0x00007ffddf234000 	C:\Program Files\Android\Android Studio\jre\jre\bin\sunec.dll
0x00007ffdfedb0000 - 0x00007ffdfedbb000 	C:\Program Files\Android\Android Studio\jre\jre\bin\sunmscapi.dll
0x00007ffe0b520000 - 0x00007ffe0b6e9000 	C:\WINDOWS\System32\CRYPT32.dll
0x00007ffe0af30000 - 0x00007ffe0af40000 	C:\WINDOWS\System32\MSASN1.dll

VM Arguments:
jvm_args: -Xmx1536m -Dfile.encoding=windows-1252 -Duser.country=SE -Duser.language=sv -Duser.variant 
java_command: org.gradle.launcher.daemon.bootstrap.GradleDaemon 3.3
java_class_path (initial): C:\Users\Isabelle\.gradle\wrapper\dists\gradle-3.3-all\55gk2rcmfc6p2dg9u9ohc3hw9\gradle-3.3\lib\gradle-launcher-3.3.jar
Launcher Type: SUN_STANDARD

Environment Variables:
PATH=C:\ProgramData\Oracle\Java\javapath;C:\Program Files (x86)\Intel\iCLS Client\;C:\Program Files\Intel\iCLS Client\;C:\Program Files\Common Files\Microsoft Shared\Windows Live;C:\Program Files (x86)\Common Files\Microsoft Shared\Windows Live;C:\WINDOWS\system32;C:\WINDOWS;C:\WINDOWS\System32\Wbem;C:\WINDOWS\System32\WindowsPowerShell\v1.0\;C:\Program Files (x86)\Windows Live\Shared;C:\Program Files (x86)\Intel\OpenCL SDK\2.0\bin\x86;C:\Program Files (x86)\Intel\OpenCL SDK\2.0\bin\x64;C:\Program Files\Intel\Intel(R) Management Engine Components\DAL;C:\Program Files\Intel\Intel(R) Management Engine Components\IPT;C:\Program Files (x86)\Intel\Intel(R) Management Engine Components\DAL;C:\Program Files (x86)\Intel\Intel(R) Management Engine Components\IPT;C:\Program Files\Intel\WiFi\bin\;C:\Program Files\Common Files\Intel\WirelessCommon\;C:\Program Files\Git\cmd;C:\Users\Isabelle\AppData\Local\Microsoft\WindowsApps;
USERNAME=Isabelle
OS=Windows_NT
PROCESSOR_IDENTIFIER=Intel64 Family 6 Model 58 Stepping 9, GenuineIntel



---------------  S Y S T E M  ---------------

OS: Windows 10.0 , 64 bit Build 14393 (10.0.14393.0)

CPU:total 4 (2 cores per cpu, 2 threads per core) family 6 model 58 stepping 9, cmov, cx8, fxsr, mmx, sse, sse2, sse3, ssse3, sse4.1, sse4.2, popcnt, avx, aes, clmul, erms, ht, tsc, tscinvbit, tscinv

Memory: 4k page, physical 4094316k(237512k free), swap 8556304k(664k free)

vm_info: OpenJDK 64-Bit Server VM (25.112-b06) for windows-amd64 JRE (1.8.0_112-release-b06), built on Dec  8 2016 00:54:26 by "builder" with MS VC++ 10.0 (VS2010)

time: Fri May 12 13:13:49 2017
elapsed time: 1431 seconds (0d 0h 23m 51s)

